{"C:\\Users\\MARIO SERGIO\\Desktop\\Web-Development-Course\\8-Node.JS\\class-08-automatic-tests\\services\\evenOdd.js": {"path":"C:\\Users\\MARIO SERGIO\\Desktop\\Web-Development-Course\\8-Node.JS\\class-08-automatic-tests\\services\\evenOdd.js","all":false,"statementMap":{"0":{"start":{"line":1,"column":0},"end":{"line":1,"column":18}},"1":{"start":{"line":2,"column":0},"end":{"line":2,"column":15}},"2":{"start":{"line":3,"column":0},"end":{"line":3,"column":27}},"3":{"start":{"line":4,"column":0},"end":{"line":4,"column":25}},"4":{"start":{"line":5,"column":0},"end":{"line":5,"column":16}},"5":{"start":{"line":6,"column":0},"end":{"line":6,"column":36}},"6":{"start":{"line":7,"column":0},"end":{"line":7,"column":9}},"7":{"start":{"line":8,"column":0},"end":{"line":8,"column":5}},"8":{"start":{"line":9,"column":0},"end":{"line":9,"column":1}}},"s":{"0":1,"1":1,"2":2,"3":1,"4":1,"5":1,"6":1,"7":2,"8":1},"branchMap":{"0":{"type":"branch","line":2,"loc":{"start":{"line":2,"column":4},"end":{"line":8,"column":5}},"locations":[{"start":{"line":2,"column":4},"end":{"line":8,"column":5}}]},"1":{"type":"branch","line":3,"loc":{"start":{"line":3,"column":26},"end":{"line":7,"column":9}},"locations":[{"start":{"line":3,"column":26},"end":{"line":7,"column":9}}]}},"b":{"0":[2],"1":[1]},"fnMap":{"0":{"name":"chek","decl":{"start":{"line":2,"column":4},"end":{"line":8,"column":5}},"loc":{"start":{"line":2,"column":4},"end":{"line":8,"column":5}},"line":2}},"f":{"0":2}}
,"C:\\Users\\MARIO SERGIO\\Desktop\\Web-Development-Course\\8-Node.JS\\class-08-automatic-tests\\services\\math.js": {"path":"C:\\Users\\MARIO SERGIO\\Desktop\\Web-Development-Course\\8-Node.JS\\class-08-automatic-tests\\services\\math.js","all":false,"statementMap":{"0":{"start":{"line":1,"column":0},"end":{"line":1,"column":18}},"1":{"start":{"line":2,"column":0},"end":{"line":2,"column":21}},"2":{"start":{"line":3,"column":0},"end":{"line":3,"column":27}},"3":{"start":{"line":4,"column":0},"end":{"line":4,"column":6}},"4":{"start":{"line":5,"column":0},"end":{"line":5,"column":0}},"5":{"start":{"line":6,"column":0},"end":{"line":6,"column":21}},"6":{"start":{"line":7,"column":0},"end":{"line":7,"column":27}},"7":{"start":{"line":8,"column":0},"end":{"line":8,"column":6}},"8":{"start":{"line":9,"column":0},"end":{"line":9,"column":0}},"9":{"start":{"line":10,"column":0},"end":{"line":10,"column":22}},"10":{"start":{"line":11,"column":0},"end":{"line":11,"column":27}},"11":{"start":{"line":12,"column":0},"end":{"line":12,"column":6}},"12":{"start":{"line":13,"column":0},"end":{"line":13,"column":0}},"13":{"start":{"line":14,"column":0},"end":{"line":14,"column":21}},"14":{"start":{"line":15,"column":0},"end":{"line":15,"column":27}},"15":{"start":{"line":16,"column":0},"end":{"line":16,"column":5}},"16":{"start":{"line":17,"column":0},"end":{"line":17,"column":1}}},"s":{"0":1,"1":1,"2":1,"3":1,"4":1,"5":1,"6":1,"7":1,"8":1,"9":1,"10":1,"11":1,"12":1,"13":1,"14":1,"15":1,"16":1},"branchMap":{"0":{"type":"branch","line":2,"loc":{"start":{"line":2,"column":4},"end":{"line":4,"column":5}},"locations":[{"start":{"line":2,"column":4},"end":{"line":4,"column":5}}]},"1":{"type":"branch","line":6,"loc":{"start":{"line":6,"column":4},"end":{"line":8,"column":5}},"locations":[{"start":{"line":6,"column":4},"end":{"line":8,"column":5}}]},"2":{"type":"branch","line":10,"loc":{"start":{"line":10,"column":4},"end":{"line":12,"column":5}},"locations":[{"start":{"line":10,"column":4},"end":{"line":12,"column":5}}]},"3":{"type":"branch","line":14,"loc":{"start":{"line":14,"column":4},"end":{"line":16,"column":5}},"locations":[{"start":{"line":14,"column":4},"end":{"line":16,"column":5}}]}},"b":{"0":[1],"1":[1],"2":[1],"3":[1]},"fnMap":{"0":{"name":"sum","decl":{"start":{"line":2,"column":4},"end":{"line":4,"column":5}},"loc":{"start":{"line":2,"column":4},"end":{"line":4,"column":5}},"line":2},"1":{"name":"sub","decl":{"start":{"line":6,"column":4},"end":{"line":8,"column":5}},"loc":{"start":{"line":6,"column":4},"end":{"line":8,"column":5}},"line":6},"2":{"name":"mult","decl":{"start":{"line":10,"column":4},"end":{"line":12,"column":5}},"loc":{"start":{"line":10,"column":4},"end":{"line":12,"column":5}},"line":10},"3":{"name":"div","decl":{"start":{"line":14,"column":4},"end":{"line":16,"column":5}},"loc":{"start":{"line":14,"column":4},"end":{"line":16,"column":5}},"line":14}},"f":{"0":1,"1":1,"2":1,"3":1}}
}
